2016-03-02T14:39:41+01:00 CRIT (2): require(): Failed opening required 'models/AutorQuery.php' (include_path='/srv/vhosts/testzf/application/../vendor/zendframework/zendframework1/library/Zend:/srv/vhosts/testzf/vendor/zendframework/zendframework1/library:/srv/vhosts/testzf/vendor/propel/propel1/runtime/lib:/srv/vhosts/testzf/vendor/propel/propel1/generator/lib:/srv/vhosts/testzf/vendor/dafik/dfi/src:/srv/vhosts/testzf/vendor/phing/phing/classes:/srv/vhosts/testzf/application:/srv/vhosts/testzf/vendor/zendframework/zendframework1/library:.:/usr/share/php:/usr/share/pear') : /srv/vhosts/testzf/vendor/propel/propel1/runtime/lib/util/PropelAutoloader.php : (110)
2016-03-02T14:43:00+01:00 CRIT (2): require(): Failed opening required 'models/AutorQuery.php' (include_path='/srv/vhosts/testzf/application/../vendor/zendframework/zendframework1/library/Zend:/srv/vhosts/testzf/application/models:/srv/vhosts/testzf/vendor/zendframework/zendframework1/library:/srv/vhosts/testzf/vendor/propel/propel1/runtime/lib:/srv/vhosts/testzf/vendor/propel/propel1/generator/lib:/srv/vhosts/testzf/vendor/dafik/dfi/src:/srv/vhosts/testzf/vendor/phing/phing/classes:/srv/vhosts/testzf/application:/srv/vhosts/testzf/vendor/zendframework/zendframework1/library:.:/usr/share/php:/usr/share/pear') : /srv/vhosts/testzf/vendor/propel/propel1/runtime/lib/util/PropelAutoloader.php : (110)
2016-03-02T14:43:38+01:00 CRIT (2): require(): Failed opening required 'models/AutorQuery.php' (include_path='/srv/vhosts/testzf/application/../vendor/zendframework/zendframework1/library/Zend:/srv/vhosts/testzf/application:/srv/vhosts/testzf/vendor/zendframework/zendframework1/library:/srv/vhosts/testzf/vendor/propel/propel1/runtime/lib:/srv/vhosts/testzf/vendor/propel/propel1/generator/lib:/srv/vhosts/testzf/vendor/dafik/dfi/src:/srv/vhosts/testzf/vendor/phing/phing/classes:/srv/vhosts/testzf/application:/srv/vhosts/testzf/vendor/zendframework/zendframework1/library:.:/usr/share/php:/usr/share/pear') : /srv/vhosts/testzf/vendor/propel/propel1/runtime/lib/util/PropelAutoloader.php : (110)
2016-03-02T14:44:02+01:00 CRIT (2): require(): Failed opening required 'models/AutorQuery.php' (include_path='/srv/vhosts/testzf/application/../vendor/zendframework/zendframework1/library/Zend:/srv/vhosts/testzf/application/:/srv/vhosts/testzf/vendor/zendframework/zendframework1/library:/srv/vhosts/testzf/vendor/propel/propel1/runtime/lib:/srv/vhosts/testzf/vendor/propel/propel1/generator/lib:/srv/vhosts/testzf/vendor/dafik/dfi/src:/srv/vhosts/testzf/vendor/phing/phing/classes:/srv/vhosts/testzf/application:/srv/vhosts/testzf/vendor/zendframework/zendframework1/library:.:/usr/share/php:/usr/share/pear') : /srv/vhosts/testzf/vendor/propel/propel1/runtime/lib/util/PropelAutoloader.php : (110)
2016-03-02T14:46:04+01:00 CRIT (2): require(): Failed opening required 'models/AutorQuery.php' (include_path='/srv/vhosts/testzf/application/../vendor/zendframework/zendframework1/library/Zend:/srv/vhosts/testzf/application/:/srv/vhosts/testzf/vendor/zendframework/zendframework1/library:/srv/vhosts/testzf/vendor/propel/propel1/runtime/lib:/srv/vhosts/testzf/vendor/propel/propel1/generator/lib:/srv/vhosts/testzf/vendor/dafik/dfi/src:/srv/vhosts/testzf/vendor/phing/phing/classes:/srv/vhosts/testzf/application:/srv/vhosts/testzf/vendor/zendframework/zendframework1/library:.:/usr/share/php:/usr/share/pear') : /srv/vhosts/testzf/vendor/propel/propel1/runtime/lib/util/PropelAutoloader.php : (110)
2016-03-02T14:46:20+01:00 CRIT (2): require(): Failed opening required 'models/om/BaseAutorQuery.php' (include_path='/srv/vhosts/testzf/application/../vendor/zendframework/zendframework1/library/Zend:/srv/vhosts/testzf/application/models/testzf/:/srv/vhosts/testzf/vendor/zendframework/zendframework1/library:/srv/vhosts/testzf/vendor/propel/propel1/runtime/lib:/srv/vhosts/testzf/vendor/propel/propel1/generator/lib:/srv/vhosts/testzf/vendor/dafik/dfi/src:/srv/vhosts/testzf/vendor/phing/phing/classes:/srv/vhosts/testzf/application:/srv/vhosts/testzf/vendor/zendframework/zendframework1/library:.:/usr/share/php:/usr/share/pear') : /srv/vhosts/testzf/vendor/propel/propel1/runtime/lib/util/PropelAutoloader.php : (110)
2016-03-03T10:48:25+01:00 CRIT (2): Call to a member function getId() on string : /srv/vhosts/testzf/application/models/testzf/om/BaseBook.php : (892)
2016-03-03T10:52:24+01:00 CRIT (2): Call to a member function getId() on string : /srv/vhosts/testzf/application/models/testzf/om/BaseBook.php : (892)
2016-03-07T10:42:42+01:00 CRIT (2): Class 'Default_Form_Auth_Login' not found : /srv/vhosts/testzf/application/modules/auth/controllers/AuthController.php : (10)
2016-03-07T10:42:58+01:00 CRIT (2): require(): Failed opening required 'models/om/BaseBook.php' (include_path='/srv/vhosts/testzf/application/../vendor/zendframework/zendframework1/library/Zend:/srv/vhosts/testzf/application/models/testzf/:/srv/vhosts/testzf/vendor/zendframework/zendframework1/library:/srv/vhosts/testzf/vendor/propel/propel1/runtime/lib:/srv/vhosts/testzf/vendor/propel/propel1/generator/lib:/srv/vhosts/testzf/vendor/dafik/dfi/src:/srv/vhosts/testzf/vendor/phing/phing/classes:/srv/vhosts/testzf/application:/srv/vhosts/testzf/vendor/zendframework/zendframework1/library:.:/usr/share/php:/usr/share/pear') : /srv/vhosts/testzf/vendor/propel/propel1/runtime/lib/util/PropelAutoloader.php : (110)
2016-03-07T10:48:12+01:00 CRIT (2): Class 'Default_Form_Auth_Login' not found : /srv/vhosts/testzf/application/modules/auth/controllers/AuthController.php : (10)
2016-03-07T10:51:48+01:00 CRIT (2): Call to a member function setAction() on null : /srv/vhosts/testzf/application/modules/auth/views/scripts/auth/login.phtml : (2)
2016-03-07T10:52:24+01:00 CRIT (2): Call to a member function setAction() on null : /srv/vhosts/testzf/application/modules/auth/views/scripts/auth/login.phtml : (2)
2016-03-08T14:17:32+01:00 CRIT (2): Class 'UQuery' not found : /srv/vhosts/testzf/vendor/dafik/dfi/src/Dfi/Auth/Adapter/Db.php : (57)
2016-03-08T14:22:06+01:00 CRIT (2): Class 'UQuery' not found : /srv/vhosts/testzf/vendor/dafik/dfi/src/Dfi/Auth/Adapter/Db.php : (57)
2016-03-08T14:29:45+01:00 CRIT (2): Class 'UQuery' not found : /srv/vhosts/testzf/vendor/dafik/dfi/src/Dfi/Auth/Adapter/Db.php : (57)
2016-03-08T14:30:05+01:00 CRIT (2): Class 'UQuery' not found : /srv/vhosts/testzf/vendor/dafik/dfi/src/Dfi/Auth/Adapter/Db.php : (57)
2016-03-08T14:30:10+01:00 CRIT (2): Class 'UQuery' not found : /srv/vhosts/testzf/vendor/dafik/dfi/src/Dfi/Auth/Adapter/Db.php : (57)
2016-03-08T14:32:17+01:00 CRIT (2): Class 'UQuery' not found : /srv/vhosts/testzf/vendor/dafik/dfi/src/Dfi/Auth/Adapter/Db.php : (57)
2016-03-08T14:33:46+01:00 CRIT (2): require(): Failed opening required 'models/om/BaseUserQuery.php' (include_path='/srv/vhosts/testzf/application/../vendor/zendframework/zendframework1/library/Zend:/srv/vhosts/testzf/application/models/testzf/:/srv/vhosts/testzf/vendor/zendframework/zendframework1/library:/srv/vhosts/testzf/vendor/propel/propel1/runtime/lib:/srv/vhosts/testzf/vendor/propel/propel1/generator/lib:/srv/vhosts/testzf/vendor/dafik/dfi/src:/srv/vhosts/testzf/vendor/phing/phing/classes:/srv/vhosts/testzf/application:/srv/vhosts/testzf/vendor/zendframework/zendframework1/library:.:/usr/share/php:/usr/share/pear') : /srv/vhosts/testzf/vendor/propel/propel1/runtime/lib/util/PropelAutoloader.php : (110)
2016-03-08T14:34:48+01:00 CRIT (2): require(): Failed opening required 'models/om/BaseUserQuery.php' (include_path='/srv/vhosts/testzf/application/../vendor/zendframework/zendframework1/library/Zend:/srv/vhosts/testzf/application/models/testzf/:/srv/vhosts/testzf/vendor/zendframework/zendframework1/library:/srv/vhosts/testzf/vendor/propel/propel1/runtime/lib:/srv/vhosts/testzf/vendor/propel/propel1/generator/lib:/srv/vhosts/testzf/vendor/dafik/dfi/src:/srv/vhosts/testzf/vendor/phing/phing/classes:/srv/vhosts/testzf/application:/srv/vhosts/testzf/vendor/zendframework/zendframework1/library:.:/usr/share/php:/usr/share/pear') : /srv/vhosts/testzf/vendor/propel/propel1/runtime/lib/util/PropelAutoloader.php : (110)
2016-03-08T14:36:54+01:00 CRIT (2): require(): Failed opening required 'models/om/BaseUserQuery.php' (include_path='/srv/vhosts/testzf/application/../vendor/zendframework/zendframework1/library/Zend:/srv/vhosts/testzf/application/models/testzf/:/srv/vhosts/testzf/vendor/zendframework/zendframework1/library:/srv/vhosts/testzf/vendor/propel/propel1/runtime/lib:/srv/vhosts/testzf/vendor/propel/propel1/generator/lib:/srv/vhosts/testzf/vendor/dafik/dfi/src:/srv/vhosts/testzf/vendor/phing/phing/classes:/srv/vhosts/testzf/application:/srv/vhosts/testzf/vendor/zendframework/zendframework1/library:.:/usr/share/php:/usr/share/pear') : /srv/vhosts/testzf/vendor/propel/propel1/runtime/lib/util/PropelAutoloader.php : (110)
2016-03-08T14:40:41+01:00 CRIT (2): require(): Failed opening required 'models/om/BaseUserQuery.php' (include_path='/srv/vhosts/testzf/application/../vendor/zendframework/zendframework1/library/Zend:/srv/vhosts/testzf/application/models/testzf/:/srv/vhosts/testzf/vendor/zendframework/zendframework1/library:/srv/vhosts/testzf/vendor/propel/propel1/runtime/lib:/srv/vhosts/testzf/vendor/propel/propel1/generator/lib:/srv/vhosts/testzf/vendor/dafik/dfi/src:/srv/vhosts/testzf/vendor/phing/phing/classes:/srv/vhosts/testzf/application:/srv/vhosts/testzf/vendor/zendframework/zendframework1/library:.:/usr/share/php:/usr/share/pear') : /srv/vhosts/testzf/vendor/propel/propel1/runtime/lib/util/PropelAutoloader.php : (110)
2016-03-08T14:41:30+01:00 CRIT (2): require(): Failed opening required 'models/om/BaseUserQuery.php' (include_path='/srv/vhosts/testzf/application/../vendor/zendframework/zendframework1/library/Zend:/srv/vhosts/testzf/application/models/testzf:/srv/vhosts/testzf/vendor/zendframework/zendframework1/library:/srv/vhosts/testzf/vendor/propel/propel1/runtime/lib:/srv/vhosts/testzf/vendor/propel/propel1/generator/lib:/srv/vhosts/testzf/vendor/dafik/dfi/src:/srv/vhosts/testzf/vendor/phing/phing/classes:/srv/vhosts/testzf/application:/srv/vhosts/testzf/vendor/zendframework/zendframework1/library:.:/usr/share/php:/usr/share/pear') : /srv/vhosts/testzf/vendor/propel/propel1/runtime/lib/util/PropelAutoloader.php : (110)
2016-03-08T14:45:30+01:00 CRIT (2): require(): Failed opening required 'models/om/BaseUserQuery.php' (include_path='/srv/vhosts/testzf/application/../vendor/zendframework/zendframework1/library/Zend:/srv/vhosts/testzf/application/models/testzf:/srv/vhosts/testzf/vendor/zendframework/zendframework1/library:/srv/vhosts/testzf/vendor/propel/propel1/runtime/lib:/srv/vhosts/testzf/vendor/propel/propel1/generator/lib:/srv/vhosts/testzf/vendor/dafik/dfi/src:/srv/vhosts/testzf/vendor/phing/phing/classes:/srv/vhosts/testzf/application:/srv/vhosts/testzf/vendor/zendframework/zendframework1/library:.:/usr/share/php:/usr/share/pear') : /srv/vhosts/testzf/vendor/propel/propel1/runtime/lib/util/PropelAutoloader.php : (110)
2016-03-08T14:45:43+01:00 CRIT (2): require(): Failed opening required 'models/om/BaseUserQuery.php' (include_path='/srv/vhosts/testzf/application/../vendor/zendframework/zendframework1/library/Zend:/srv/vhosts/testzf/application/models/testzf:/srv/vhosts/testzf/vendor/zendframework/zendframework1/library:/srv/vhosts/testzf/vendor/propel/propel1/runtime/lib:/srv/vhosts/testzf/vendor/propel/propel1/generator/lib:/srv/vhosts/testzf/vendor/dafik/dfi/src:/srv/vhosts/testzf/vendor/phing/phing/classes:/srv/vhosts/testzf/application:/srv/vhosts/testzf/vendor/zendframework/zendframework1/library:.:/usr/share/php:/usr/share/pear') : /srv/vhosts/testzf/vendor/propel/propel1/runtime/lib/util/PropelAutoloader.php : (110)
2016-03-08T14:57:54+01:00 CRIT (2): require(): Failed opening required '/srv/vhosts/testzf/application/models/teztzf/UserQuery' (include_path='/srv/vhosts/testzf/application/../vendor/zendframework/zendframework1/library/Zend:/srv/vhosts/testzf/application/models/testzf:/srv/vhosts/testzf/vendor/zendframework/zendframework1/library:/srv/vhosts/testzf/vendor/propel/propel1/runtime/lib:/srv/vhosts/testzf/vendor/propel/propel1/generator/lib:/srv/vhosts/testzf/vendor/dafik/dfi/src:/srv/vhosts/testzf/vendor/phing/phing/classes:/srv/vhosts/testzf/application:/srv/vhosts/testzf/vendor/zendframework/zendframework1/library:.:/usr/share/php:/usr/share/pear') : /srv/vhosts/testzf/vendor/dafik/dfi/src/Dfi/Auth/Adapter/Db.php : (57)
2016-03-08T15:02:38+01:00 CRIT (2): require(): Failed opening required '/srv/vhosts/testzf/application/models/teztzf/UserQuery.php' (include_path='/srv/vhosts/testzf/application/../vendor/zendframework/zendframework1/library/Zend:/srv/vhosts/testzf/application/models/testzf:/srv/vhosts/testzf/vendor/zendframework/zendframework1/library:/srv/vhosts/testzf/vendor/propel/propel1/runtime/lib:/srv/vhosts/testzf/vendor/propel/propel1/generator/lib:/srv/vhosts/testzf/vendor/dafik/dfi/src:/srv/vhosts/testzf/vendor/phing/phing/classes:/srv/vhosts/testzf/application:/srv/vhosts/testzf/vendor/zendframework/zendframework1/library:.:/usr/share/php:/usr/share/pear') : /srv/vhosts/testzf/vendor/dafik/dfi/src/Dfi/Auth/Adapter/Db.php : (57)
2016-03-09T15:23:26+01:00 CRIT (2): require(): Failed opening required 'models/om/BaseUserQuery.php' (include_path='/srv/vhosts/testzf/application/../vendor/zendframework/zendframework1/library/Zend:/srv/vhosts/testzf/application/models/testzf:/srv/vhosts/testzf/vendor/zendframework/zendframework1/library:/srv/vhosts/testzf/vendor/propel/propel1/runtime/lib:/srv/vhosts/testzf/vendor/propel/propel1/generator/lib:/srv/vhosts/testzf/vendor/dafik/dfi/src:/srv/vhosts/testzf/vendor/phing/phing/classes:/srv/vhosts/testzf/application:/srv/vhosts/testzf/vendor/zendframework/zendframework1/library:.:/usr/share/php:/usr/share/pear') : /srv/vhosts/testzf/vendor/propel/propel1/runtime/lib/util/PropelAutoloader.php : (110)
2016-03-09T15:23:36+01:00 CRIT (2): require(): Failed opening required 'models/om/BaseUserQuery.php' (include_path='/srv/vhosts/testzf/application/../vendor/zendframework/zendframework1/library/Zend:/srv/vhosts/testzf/application/models/testzf:/srv/vhosts/testzf/vendor/zendframework/zendframework1/library:/srv/vhosts/testzf/vendor/propel/propel1/runtime/lib:/srv/vhosts/testzf/vendor/propel/propel1/generator/lib:/srv/vhosts/testzf/vendor/dafik/dfi/src:/srv/vhosts/testzf/vendor/phing/phing/classes:/srv/vhosts/testzf/application:/srv/vhosts/testzf/vendor/zendframework/zendframework1/library:.:/usr/share/php:/usr/share/pear') : /srv/vhosts/testzf/vendor/propel/propel1/runtime/lib/util/PropelAutoloader.php : (110)
2016-03-09T15:46:33+01:00 CRIT (2): require(): Failed opening required 'models/om/BaseUserQuery.php' (include_path='/srv/vhosts/testzf/application/../library:/srv/vhosts/testzf/application/models/testzf:/srv/vhosts/testzf/vendor/zendframework/zendframework1/library:/srv/vhosts/testzf/vendor/propel/propel1/runtime/lib:/srv/vhosts/testzf/vendor/propel/propel1/generator/lib:/srv/vhosts/testzf/vendor/dafik/dfi/src:/srv/vhosts/testzf/vendor/phing/phing/classes:/srv/vhosts/testzf/application:/srv/vhosts/testzf/vendor/zendframework/zendframework1/library:.:/usr/share/php:/usr/share/pear') : /srv/vhosts/testzf/vendor/propel/propel1/runtime/lib/util/PropelAutoloader.php : (110)
2016-03-09T15:48:06+01:00 CRIT (2): require(): Failed opening required 'models/om/BaseUserQuery.php' (include_path='/srv/vhosts/testzf/application/../library/:/srv/vhosts/testzf/application/models/testzf/:/srv/vhosts/testzf/vendor/zendframework/zendframework1/library:/srv/vhosts/testzf/vendor/propel/propel1/runtime/lib:/srv/vhosts/testzf/vendor/propel/propel1/generator/lib:/srv/vhosts/testzf/vendor/dafik/dfi/src:/srv/vhosts/testzf/vendor/phing/phing/classes:/srv/vhosts/testzf/application:/srv/vhosts/testzf/vendor/zendframework/zendframework1/library:.:/usr/share/php:/usr/share/pear') : /srv/vhosts/testzf/vendor/propel/propel1/runtime/lib/util/PropelAutoloader.php : (110)
2016-03-09T15:59:54+01:00 CRIT (2): Class 'Ks_Auth_Adapter_Db' not found : /srv/vhosts/testzf/application/modules/auth/controllers/AuthController.php : (9)
2016-03-09T16:01:04+01:00 CRIT (2): Class 'Ks_Auth_Adapter_Db' not found : /srv/vhosts/testzf/application/modules/auth/controllers/AuthController.php : (9)
2016-03-09T16:01:07+01:00 CRIT (2): Class 'Ks_Auth_Adapter_Db' not found : /srv/vhosts/testzf/application/modules/auth/controllers/AuthController.php : (9)
2016-03-09T16:01:08+01:00 CRIT (2): Class 'Ks_Auth_Adapter_Db' not found : /srv/vhosts/testzf/application/modules/auth/controllers/AuthController.php : (9)
2016-03-09T16:01:14+01:00 CRIT (2): Class 'Ks_Auth_Adapter_Db' not found : /srv/vhosts/testzf/application/modules/auth/controllers/AuthController.php : (9)
2016-03-09T16:05:29+01:00 CRIT (2): Class 'Ks_Auth_Adapter_Db' not found : /srv/vhosts/testzf/application/modules/auth/controllers/AuthController.php : (9)
2016-03-09T16:05:42+01:00 CRIT (2): Class 'Ks_Auth_Adapter_Db' not found : /srv/vhosts/testzf/application/modules/auth/controllers/AuthController.php : (9)
2016-03-09T16:14:35+01:00 CRIT (2): Call to a member function setAction() on null : /srv/vhosts/testzf/application/modules/auth/views/scripts/auth/login.phtml : (2)
2016-03-10T13:49:28+01:00 CRIT (2): Class 'Application_Form_Login' not found : /srv/vhosts/testzf/application/modules/auth/controllers/AuthController.php : (16)
2016-03-10T15:18:42+01:00 CRIT (2): syntax error, unexpected ')' : /srv/vhosts/testzf/application/forms/Login.php : (20)
2016-03-10T15:41:43+01:00 CRIT (2): syntax error, unexpected ')' : /srv/vhosts/testzf/application/forms/Login.php : (19)
2016-03-10T15:41:49+01:00 CRIT (2): syntax error, unexpected ')' : /srv/vhosts/testzf/application/forms/Login.php : (19)
2016-03-10T15:58:38+01:00 CRIT (2): syntax error, unexpected ')' : /srv/vhosts/testzf/application/forms/Login.php : (17)
2016-03-10T15:58:43+01:00 CRIT (2): syntax error, unexpected ')' : /srv/vhosts/testzf/application/forms/Login.php : (17)
2016-03-16T13:09:59+01:00 CRIT (2): require(): Failed opening required 'models/om/BaseUserQuery.php' (include_path='/srv/vhosts/testzf/application/library:/srv/vhosts/testzf/application/models/testzf:/srv/vhosts/testzf/library:/srv/vhosts/testzf/vendor/zendframework/zendframework1/library:/srv/vhosts/testzf/vendor/propel/propel1/runtime/lib:/srv/vhosts/testzf/vendor/propel/propel1/generator/lib:/srv/vhosts/testzf/vendor/dafik/dfi/src:/srv/vhosts/testzf/vendor/phing/phing/classes:/srv/vhosts/testzf/application:/srv/vhosts/testzf/vendor/zendframework/zendframework1/library:.:/usr/share/php:/usr/share/pear') : /srv/vhosts/testzf/vendor/propel/propel1/runtime/lib/util/PropelAutoloader.php : (110)
2016-03-16T13:47:07+01:00 CRIT (2): Call to a member function read() on null : /srv/vhosts/testzf/library/Ks/Plugin/AccessPlugin.php : (22)
2016-03-16T13:47:07+01:00 CRIT (2): Call to a member function read() on null : /srv/vhosts/testzf/library/Ks/Plugin/AccessPlugin.php : (22)
2016-03-16T13:47:29+01:00 CRIT (2): Call to a member function getRole() on null : /srv/vhosts/testzf/library/Ks/Plugin/AccessPlugin.php : (27)
2016-03-16T13:47:29+01:00 CRIT (2): Call to a member function getRole() on null : /srv/vhosts/testzf/library/Ks/Plugin/AccessPlugin.php : (27)
2016-03-16T13:49:45+01:00 CRIT (2): Call to a member function getRole() on null : /srv/vhosts/testzf/library/Ks/Plugin/AccessPlugin.php : (27)
2016-03-16T13:50:36+01:00 CRIT (2): Call to a member function getRole() on null : /srv/vhosts/testzf/library/Ks/Plugin/AccessPlugin.php : (27)
2016-03-16T13:51:09+01:00 CRIT (2): Call to a member function getRole() on null : /srv/vhosts/testzf/library/Ks/Plugin/AccessPlugin.php : (27)
2016-03-16T13:52:17+01:00 CRIT (2): Call to a member function getRole() on null : /srv/vhosts/testzf/library/Ks/Plugin/AccessPlugin.php : (27)
2016-03-16T13:52:24+01:00 CRIT (2): Call to a member function getRole() on null : /srv/vhosts/testzf/library/Ks/Plugin/AccessPlugin.php : (27)
2016-03-16T13:52:42+01:00 CRIT (2): Call to a member function getRole() on null : /srv/vhosts/testzf/library/Ks/Plugin/AccessPlugin.php : (27)
2016-03-16T13:52:58+01:00 CRIT (2): Call to a member function getRole() on null : /srv/vhosts/testzf/library/Ks/Plugin/AccessPlugin.php : (27)
2016-03-16T13:52:58+01:00 CRIT (2): Call to a member function getRole() on null : /srv/vhosts/testzf/library/Ks/Plugin/AccessPlugin.php : (27)
2016-03-16T13:52:59+01:00 CRIT (2): Call to a member function getRole() on null : /srv/vhosts/testzf/library/Ks/Plugin/AccessPlugin.php : (27)
2016-03-16T13:53:08+01:00 CRIT (2): Call to a member function getRole() on null : /srv/vhosts/testzf/library/Ks/Plugin/AccessPlugin.php : (27)
2016-03-16T13:53:13+01:00 CRIT (2): Call to a member function getRole() on null : /srv/vhosts/testzf/library/Ks/Plugin/AccessPlugin.php : (27)
2016-03-16T13:53:24+01:00 CRIT (2): Call to a member function getRole() on null : /srv/vhosts/testzf/library/Ks/Plugin/AccessPlugin.php : (27)
2016-03-16T13:53:25+01:00 CRIT (2): Call to a member function getRole() on null : /srv/vhosts/testzf/library/Ks/Plugin/AccessPlugin.php : (27)
2016-03-16T13:53:26+01:00 CRIT (2): Call to a member function getRole() on null : /srv/vhosts/testzf/library/Ks/Plugin/AccessPlugin.php : (27)
2016-03-16T14:02:32+01:00 CRIT (2): Call to a member function getRole() on null : /srv/vhosts/testzf/library/Ks/Plugin/AccessPlugin.php : (27)
2016-03-16T14:02:32+01:00 CRIT (2): Call to a member function getRole() on null : /srv/vhosts/testzf/library/Ks/Plugin/AccessPlugin.php : (27)
2016-03-16T14:02:44+01:00 CRIT (2): Call to a member function getRole() on null : /srv/vhosts/testzf/library/Ks/Plugin/AccessPlugin.php : (27)
2016-03-16T14:02:45+01:00 CRIT (2): Call to a member function getRole() on null : /srv/vhosts/testzf/library/Ks/Plugin/AccessPlugin.php : (27)
2016-03-16T14:02:46+01:00 CRIT (2): Call to a member function getRole() on null : /srv/vhosts/testzf/library/Ks/Plugin/AccessPlugin.php : (27)
2016-03-16T14:02:46+01:00 CRIT (2): Call to a member function getRole() on null : /srv/vhosts/testzf/library/Ks/Plugin/AccessPlugin.php : (27)
2016-03-16T14:02:47+01:00 CRIT (2): Call to a member function getRole() on null : /srv/vhosts/testzf/library/Ks/Plugin/AccessPlugin.php : (27)
2016-03-16T14:02:47+01:00 CRIT (2): Call to a member function getRole() on null : /srv/vhosts/testzf/library/Ks/Plugin/AccessPlugin.php : (27)
2016-03-16T14:02:48+01:00 CRIT (2): Call to a member function getRole() on null : /srv/vhosts/testzf/library/Ks/Plugin/AccessPlugin.php : (27)
2016-03-16T14:02:48+01:00 CRIT (2): Call to a member function getRole() on null : /srv/vhosts/testzf/library/Ks/Plugin/AccessPlugin.php : (27)
2016-03-16T14:02:48+01:00 CRIT (2): Call to a member function getRole() on null : /srv/vhosts/testzf/library/Ks/Plugin/AccessPlugin.php : (27)
2016-03-16T14:02:48+01:00 CRIT (2): Call to a member function getRole() on null : /srv/vhosts/testzf/library/Ks/Plugin/AccessPlugin.php : (27)
2016-03-16T14:02:49+01:00 CRIT (2): Call to a member function getRole() on null : /srv/vhosts/testzf/library/Ks/Plugin/AccessPlugin.php : (27)
2016-03-16T14:02:49+01:00 CRIT (2): Call to a member function getRole() on null : /srv/vhosts/testzf/library/Ks/Plugin/AccessPlugin.php : (27)
2016-03-16T14:02:49+01:00 CRIT (2): Call to a member function getRole() on null : /srv/vhosts/testzf/library/Ks/Plugin/AccessPlugin.php : (27)
2016-03-16T14:02:49+01:00 CRIT (2): Call to a member function getRole() on null : /srv/vhosts/testzf/library/Ks/Plugin/AccessPlugin.php : (27)
2016-03-16T14:02:50+01:00 CRIT (2): Call to a member function getRole() on null : /srv/vhosts/testzf/library/Ks/Plugin/AccessPlugin.php : (27)
2016-03-16T14:02:51+01:00 CRIT (2): Call to a member function getRole() on null : /srv/vhosts/testzf/library/Ks/Plugin/AccessPlugin.php : (27)
2016-03-16T14:02:51+01:00 CRIT (2): Call to a member function getRole() on null : /srv/vhosts/testzf/library/Ks/Plugin/AccessPlugin.php : (27)
2016-03-16T14:02:52+01:00 CRIT (2): Call to a member function getRole() on null : /srv/vhosts/testzf/library/Ks/Plugin/AccessPlugin.php : (27)
2016-03-16T14:02:56+01:00 CRIT (2): Call to a member function getRole() on null : /srv/vhosts/testzf/library/Ks/Plugin/AccessPlugin.php : (27)
2016-03-16T14:02:56+01:00 CRIT (2): Call to a member function getRole() on null : /srv/vhosts/testzf/library/Ks/Plugin/AccessPlugin.php : (27)
2016-03-16T14:03:06+01:00 CRIT (2): Call to a member function getRole() on null : /srv/vhosts/testzf/library/Ks/Plugin/AccessPlugin.php : (27)
2016-03-16T14:03:06+01:00 CRIT (2): Call to a member function getRole() on null : /srv/vhosts/testzf/library/Ks/Plugin/AccessPlugin.php : (27)
2016-03-16T14:03:13+01:00 CRIT (2): Call to a member function getRole() on null : /srv/vhosts/testzf/library/Ks/Plugin/AccessPlugin.php : (27)
2016-03-16T14:03:13+01:00 CRIT (2): Call to a member function getRole() on null : /srv/vhosts/testzf/library/Ks/Plugin/AccessPlugin.php : (27)
2016-03-16T14:04:51+01:00 CRIT (2): Call to a member function getRole() on null : /srv/vhosts/testzf/library/Ks/Plugin/AccessPlugin.php : (27)
2016-03-16T14:04:57+01:00 CRIT (2): Call to a member function getRole() on null : /srv/vhosts/testzf/library/Ks/Plugin/AccessPlugin.php : (27)
2016-03-16T14:07:03+01:00 CRIT (2): Call to a member function getRole() on null : /srv/vhosts/testzf/library/Ks/Plugin/AccessPlugin.php : (27)
2016-03-16T14:07:05+01:00 CRIT (2): Call to a member function getRole() on null : /srv/vhosts/testzf/library/Ks/Plugin/AccessPlugin.php : (27)
2016-03-16T14:07:49+01:00 CRIT (2): Cannot access protected property User::$role : /srv/vhosts/testzf/library/Ks/Plugin/AccessPlugin.php : (26)
2016-03-16T14:07:49+01:00 CRIT (2): Cannot access protected property User::$role : /srv/vhosts/testzf/library/Ks/Plugin/AccessPlugin.php : (26)
2016-03-16T14:07:54+01:00 CRIT (2): Cannot access protected property User::$role : /srv/vhosts/testzf/library/Ks/Plugin/AccessPlugin.php : (26)
2016-03-16T14:07:56+01:00 CRIT (2): Cannot access protected property User::$role : /srv/vhosts/testzf/library/Ks/Plugin/AccessPlugin.php : (26)
